\BOOKMARK [1][-]{section*.1}{Preface}{}
\BOOKMARK [1][-]{section*.4}{List of Figures}{}
\BOOKMARK [1][-]{section*.6}{List of Tables}{}
\BOOKMARK [0][-]{chapter.1}{Introduction}{}
\BOOKMARK [1][-]{section.1.1}{Background to the research}{chapter.1}
\BOOKMARK [1][-]{section.1.2}{Aims and objectives of the research project}{chapter.1}
\BOOKMARK [1][-]{section.1.3}{Overview of the dissertation}{chapter.1}
\BOOKMARK [0][-]{chapter.2}{Literature Review}{}
\BOOKMARK [1][-]{section.2.1}{Sections}{chapter.2}
\BOOKMARK [2][-]{subsection.2.1.1}{Subsection}{section.2.1}
\BOOKMARK [1][-]{section.2.2}{Research question}{chapter.2}
\BOOKMARK [1][-]{section.2.3}{Summary}{chapter.2}
\BOOKMARK [0][-]{chapter.3}{Research Methods}{}
\BOOKMARK [1][-]{section.3.1}{Research Techniques}{chapter.3}
\BOOKMARK [2][-]{subsection.3.1.1}{Presenting Figures}{section.3.1}
\BOOKMARK [2][-]{subsection.3.1.2}{Presenting Tables}{section.3.1}
\BOOKMARK [2][-]{subsection.3.1.3}{Presenting Bulleted Lists}{section.3.1}
\BOOKMARK [0][-]{chapter.4}{Data Collection}{}
\BOOKMARK [1][-]{section.4.1}{Process and Data Sources}{chapter.4}
\BOOKMARK [1][-]{section.4.2}{Preliminary Analysis}{chapter.4}
\BOOKMARK [0][-]{chapter.5}{Results}{}
\BOOKMARK [1][-]{section.5.1}{Implementation based results}{chapter.5}
\BOOKMARK [1][-]{section.5.2}{Empirical investigations}{chapter.5}
\BOOKMARK [1][-]{section.5.3}{Presenting results}{chapter.5}
\BOOKMARK [1][-]{section.5.4}{Validation}{chapter.5}
\BOOKMARK [2][-]{subsection.5.4.1}{Analysis}{section.5.4}
\BOOKMARK [0][-]{chapter.6}{Conclusions}{}
\BOOKMARK [1][-]{section.6.1}{Project review}{chapter.6}
\BOOKMARK [1][-]{section.6.2}{Future research}{chapter.6}
\BOOKMARK [1][-]{section*.9}{References}{chapter.6}
\BOOKMARK [1][-]{section*.11}{Index}{chapter.6}
\BOOKMARK [1][-]{section*.12}{Appendix A}{chapter.6}
\BOOKMARK [1][-]{section*.13}{Appendix B}{chapter.6}
